La génération a démarré 23/04/2016 18:46:23.
     1>Projet "D:\VSProj\GOL\GOL\GOL.vcxproj" sur le nœud 2 (Build cible(s)).
     1>ClCompile:
         D:\Program Files (x86)\Microsoft Visual Studio 12.0\VC\bin\CL.exe /c /I"C:\Program Files\SFML32\SFML-2.3.1\include" /ZI /nologo /W3 /WX- /Od /Oy- /D WIN32 /D _DEBUG /D _CONSOLE /D _LIB /D _UNICODE /D UNICODE /Gm /EHsc /RTC1 /MDd /GS /fp:precise /Zc:wchar_t /Zc:forScope /Fo"Debug\\" /Fd"Debug\vc120.pdb" /Gd /TP /analyze- /errorReport:prompt Source.cpp
         Source.cpp
     1>d:\vsproj\gol\gol\source.cpp(8): warning C4018: '<' : incompatibilité signed/unsigned
     1>d:\vsproj\gol\gol\source.cpp(9): warning C4018: '<' : incompatibilité signed/unsigned
     1>d:\vsproj\gol\gol\source.cpp(24): warning C4018: '<' : incompatibilité signed/unsigned
     1>d:\vsproj\gol\gol\source.cpp(34): warning C4018: '<' : incompatibilité signed/unsigned
     1>d:\vsproj\gol\gol\source.cpp(45): warning C4018: '<' : incompatibilité signed/unsigned
     1>d:\vsproj\gol\gol\source.cpp(50): warning C4018: '<' : incompatibilité signed/unsigned
     1>d:\vsproj\gol\gol\source.cpp(55): warning C4018: '<' : incompatibilité signed/unsigned
     1>d:\vsproj\gol\gol\source.cpp(67): warning C4018: '<' : incompatibilité signed/unsigned
     1>d:\vsproj\gol\gol\source.cpp(68): warning C4018: '<' : incompatibilité signed/unsigned
     1>d:\vsproj\gol\gol\source.cpp(85): warning C4244: 'argument' : conversion de 'time_t' en 'unsigned int', perte possible de données
     1>d:\vsproj\gol\gol\source.cpp(106): warning C4018: '<' : incompatibilité signed/unsigned
     1>d:\vsproj\gol\gol\source.cpp(107): warning C4018: '<' : incompatibilité signed/unsigned
     1>d:\vsproj\gol\gol\source.cpp(112): warning C4018: '<' : incompatibilité signed/unsigned
     1>d:\vsproj\gol\gol\source.cpp(113): warning C4018: '<' : incompatibilité signed/unsigned
       Link:
         D:\Program Files (x86)\Microsoft Visual Studio 12.0\VC\bin\link.exe /ERRORREPORT:PROMPT /OUT:"D:\VSProj\GOL\Debug\GOL.exe" /INCREMENTAL /NOLOGO /LIBPATH:"C:\Program Files\SFML32\SFML-2.3.1\lib" "sfml-audio-d.lib" "sfml-graphics-d.lib" "sfml-system-d.lib" "sfml-window-d.lib" kernel32.lib user32.lib gdi32.lib winspool.lib comdlg32.lib advapi32.lib shell32.lib ole32.lib oleaut32.lib uuid.lib odbc32.lib odbccp32.lib /MANIFEST /MANIFESTUAC:"level='asInvoker' uiAccess='false'" /manifest:embed /DEBUG /PDB:"D:\VSProj\GOL\Debug\GOL.pdb" /SUBSYSTEM:CONSOLE /TLBID:1 /DYNAMICBASE /NXCOMPAT /IMPLIB:"D:\VSProj\GOL\Debug\GOL.lib" /MACHINE:X86 Debug\Source.obj
         GOL.vcxproj -> D:\VSProj\GOL\Debug\GOL.exe
     1>Génération du projet "D:\VSProj\GOL\GOL\GOL.vcxproj" terminée (Build cible(s)).

La génération a réussi.

Temps écoulé 00:00:00.99
